MIF/HEX Update report for SCOMP
Mon Nov 28 15:02:58 2022
Quartus Prime Version 19.1.0 Build 670 09/22/2019 SJ Lite Edition


---------------------
; Table of Contents ;
---------------------
  1. Legal Notice
  2. MIF/HEX Update Summary
  3. MIF/HEX Update Processed Files
  4. MIF/HEX Update Messages



----------------
; Legal Notice ;
----------------
Copyright (C) 2019  Intel Corporation. All rights reserved.
Your use of Intel Corporation's design tools, logic functions 
and other software and tools, and any partner logic 
functions, and any output files from any of the foregoing 
(including device programming or simulation files), and any 
associated documentation or information are expressly subject 
to the terms and conditions of the Intel Program License 
Subscription Agreement, the Intel Quartus Prime License Agreement,
the Intel FPGA IP License Agreement, or other applicable license
agreement, including, without limitation, that your use is for
the sole purpose of programming logic devices manufactured by
Intel and sold by Intel or its authorized distributors.  Please
refer to the applicable agreement for further details, at
https://fpgasoftware.intel.com/eula.



+-----------------------------------------------------------+
; MIF/HEX Update Summary                                    ;
+-----------------------+-----------------------------------+
; MIF/HEX Update Status ; Failed - Mon Nov 28 15:02:58 2022 ;
; Revision Name         ; SCOMP                             ;
; Top-level Entity Name ; SCOMP_System                      ;
; Family                ; Cyclone V                         ;
; Device                ; 5CSXFC6D6F31C6                    ;
+-----------------------+-----------------------------------+


+--------------------------------+
; MIF/HEX Update Processed Files ;
+--------------------------------+
; File Name                      ;
+--------------------------------+


+-------------------------+
; MIF/HEX Update Messages ;
+-------------------------+
Info: *******************************************************************
Info: Running Quartus Prime MIF/HEX Update
    Info: Version 19.1.0 Build 670 09/22/2019 SJ Lite Edition
    Info: Processing started: Mon Nov 28 15:02:58 2022
Info: Command: quartus_cdb SCOMP -c SCOMP --update_mif
Error (20015): Project contains unresolved partitions
    Error (20016): Unresolved partition "<Top partition>"
Error: Quartus Prime MIF/HEX Update was unsuccessful. 2 errors, 0 warnings
    Error: Peak virtual memory: 4736 megabytes
    Error: Processing ended: Mon Nov 28 15:02:58 2022
    Error: Elapsed time: 00:00:00
    Error: Total CPU time (on all processors): 00:00:01


